<?xml version="1.0" encoding="UTF-8"?>
<!-- Generated by org.testng.reporters.JUnitXMLReporter -->
<testsuite ignored="0" hostname="MSI-Modern-A5M" failures="0" tests="3" name="Default test" time="4.024" errors="0" timestamp="2023-10-18T23:03:41 BDT">
  <testcase classname="test_case.SearchTest" name="TitleTest" time="3.322"/>
  <testcase classname="test_case.SearchTest" name="HidesearchLocation" time="0.276"/>
  <testcase classname="test_case.SearchTest" name="UnhideSearchLocation" time="0.333"/>
</testsuite> <!-- Default test -->
