<?xml version="1.0" encoding="UTF-8"?>
<!-- Generated by org.testng.reporters.JUnitXMLReporter -->
<testsuite ignored="0" hostname="MSI-Modern-A5M" failures="0" tests="3" name="Test" time="3.334" errors="0" timestamp="2023-10-18T21:50:13 BDT">
  <testcase classname="test_case.SearchTest" name="TitleTest" time="2.509"/>
  <testcase classname="test_case.SearchTest" name="HidesearchLocation" time="0.376"/>
  <testcase classname="test_case.SearchTest" name="UnhideSearchLocation" time="0.339"/>
</testsuite> <!-- Test -->
